
========== New Session: 2026-01-25 22:51:29.495 ==========
[2026-01-25 22:51:29.523] [INFO ] [TID:81884992] ╔════════════════════════════════════════════╗ (main.cpp:32)
[2026-01-25 22:51:29.531] [INFO ] [TID:81884992] ║          Multi-Threaded Chat Server        ║ (main.cpp:33)
[2026-01-25 22:51:29.532] [INFO ] [TID:81884992] ╚════════════════════════════════════════════╝ (main.cpp:34)
[2026-01-25 22:51:29.533] [INFO ] [TID:81884992] Main Thread: 81884992 (main.cpp:35)
[2026-01-25 22:51:29.735] [INFO ] [TID:81884992] [INFO] Server listening on port 8080 (TCPServer.cpp:54)
[2026-01-25 22:51:29.762] [INFO ] [TID:81884992] Server started successfully (TCPServer.cpp:150)
[2026-01-25 22:51:29.764] [INFO ] [TID:81884992] TCP Server started successfully (main.cpp:104)
[2026-01-25 22:51:29.765] [INFO ] [TID:81884992] Starting worker threads... (main.cpp:107)
[2026-01-25 22:51:29.792] [INFO ] [TID:81884992] ✓ PublicChatHandler Thread started (main.cpp:110)
[2026-01-25 22:51:29.817] [INFO ] [TID:81884992] ✓ ListUsersHandler Thread started (main.cpp:113)
[2026-01-25 22:51:29.871] [INFO ] [TID:81884992] ✓ Router Thread started (main.cpp:116)
[2026-01-25 22:51:29.909] [INFO ] [TID:81884992] ✓ Response Dispatcher started (main.cpp:119)
[2026-01-25 22:51:29.941] [INFO ] [TID:81884992] ✓ Epoll Thread started (main.cpp:123)
[2026-01-25 22:51:29.942] [INFO ] [TID:81884992] ╔════════════════════════════════════╗ (main.cpp:125)
[2026-01-25 22:51:29.943] [INFO ] [TID:81884992] ║   Server Ready on port 8080        ║ (main.cpp:126)
[2026-01-25 22:51:29.944] [INFO ] [TID:81884992] ║   <message> - public chat          ║ (main.cpp:127)
[2026-01-25 22:51:29.945] [INFO ] [TID:81884992] ║   Press Ctrl+C to stop             ║ (main.cpp:128)
[2026-01-25 22:51:29.946] [INFO ] [TID:81884992] ╚════════════════════════════════════╝ (main.cpp:129)
[2026-01-25 22:51:29.951] [INFO ] [TID:136443584] ┌────────────────────────────────────┐ (ListUsersHandlerThread.cpp:12)
[2026-01-25 22:51:29.952] [INFO ] [TID:136443584] │   [ListUsersHandler] Started       │ (ListUsersHandlerThread.cpp:13)
[2026-01-25 22:51:29.954] [INFO ] [TID:136443584] │ TID: 136443584 (ListUsersHandlerThread.cpp:14)
[2026-01-25 22:51:29.955] [INFO ] [TID:136443584] └────────────────────────────────────┘ (ListUsersHandlerThread.cpp:15)
[2026-01-25 22:51:29.969] [INFO ] [TID:153228992] ┌────────────────────────────────────┐ (Responser.cpp:25)
[2026-01-25 22:51:29.971] [INFO ] [TID:153228992] │    [ResponseDispatcher] Started    │ (Responser.cpp:26)
[2026-01-25 22:51:29.972] [INFO ] [TID:153228992] │ TID: 153228992 (Responser.cpp:27)
[2026-01-25 22:51:29.974] [INFO ] [TID:153228992] └────────────────────────────────────┘ (Responser.cpp:28)
[2026-01-25 22:51:29.980] [INFO ] [TID:161621696] ┌────────────────────────────────────┐ (EpollThread.cpp:21)
[2026-01-25 22:51:29.981] [INFO ] [TID:161621696] │       [EpollThread] Started        │ (EpollThread.cpp:22)
[2026-01-25 22:51:29.983] [INFO ] [TID:161621696] │ TID: 161621696 (EpollThread.cpp:23)
[2026-01-25 22:51:29.984] [INFO ] [TID:161621696] └────────────────────────────────────┘ (EpollThread.cpp:24)
[2026-01-25 22:51:29.986] [INFO ] [TID:128050880] ┌────────────────────────────────────┐ (PublicChatHandlerThread.cpp:10)
[2026-01-25 22:51:29.987] [INFO ] [TID:128050880] │ [PublicChatHandler] Started (PublicChatHandlerThread.cpp:11)
[2026-01-25 22:51:29.989] [INFO ] [TID:128050880] │ TID: 128050880 (PublicChatHandlerThread.cpp:12)
[2026-01-25 22:51:29.990] [INFO ] [TID:128050880] └────────────────────────────────────┘ (PublicChatHandlerThread.cpp:13)
[2026-01-25 22:51:29.992] [INFO ] [TID:144836288] ┌────────────────────────────────────┐ (ChatControllerThread.cpp:28)
[2026-01-25 22:51:29.993] [INFO ] [TID:144836288] │   [ChatControllerThread] Started   │ (ChatControllerThread.cpp:29)
[2026-01-25 22:51:29.995] [INFO ] [TID:144836288] │ TID: 144836288 (ChatControllerThread.cpp:30)
[2026-01-25 22:51:29.996] [INFO ] [TID:144836288] └────────────────────────────────────┘ (ChatControllerThread.cpp:31)
[2026-01-25 22:51:31.248] [INFO ] [TID:81884992] Received signal 2, shutting down... (main.cpp:7)
[2026-01-25 22:51:31.287] [INFO ] [TID:144836288] [ChatControllerThread] Stopped (ChatControllerThread.cpp:60)
[2026-01-25 22:51:31.991] [INFO ] [TID:161621696] [EpollThread] Stopped (EpollThread.cpp:28)
[2026-01-25 22:51:34.984] [INFO ] [TID:81884992] Initiating graceful shutdown... (main.cpp:155)
[2026-01-25 22:51:34.989] [INFO ] [TID:81884992] ✓ Epoll stopped (main.cpp:158)
[2026-01-25 22:51:34.999] [INFO ] [TID:81884992] ✓ Router stopped (main.cpp:161)
[2026-01-25 22:52:05.550] [INFO ] [TID:128050880] [PublicChatHandler] Stopped (PublicChatHandlerThread.cpp:40)
[2026-01-25 22:52:50.379] [INFO ] [TID:81884992] Received signal 2, shutting down... (main.cpp:7)
[2026-01-25 22:52:50.381] [INFO ] [TID:81884992] ✓ PublicChatHandler stopped (main.cpp:164)
[2026-01-25 22:52:50.383] [INFO ] [TID:136443584] [ListUsersHandler] Stopped (ListUsersHandlerThread.cpp:41)
[2026-01-25 22:52:50.384] [INFO ] [TID:81884992] ✓ ListUsersHandler stopped (main.cpp:167)
[2026-01-25 22:52:50.387] [INFO ] [TID:153228992] [ResponseDispatcher] Stopped (Responser.cpp:48)
[2026-01-25 22:52:50.390] [INFO ] [TID:81884992] ✓ Response Dispatcher stopped (main.cpp:170)
[2026-01-25 22:52:50.392] [INFO ] [TID:81884992] Stopping server... (TCPServer.cpp:154)
[2026-01-25 22:52:50.401] [INFO ] [TID:81884992] Client disconnected fd=5 (Epoll.cpp:71)
[2026-01-25 22:52:50.403] [INFO ] [TID:81884992] Server stopped (TCPServer.cpp:160)
[2026-01-25 22:52:50.405] [INFO ] [TID:81884992] ✓ TCP Server stopped (main.cpp:173)
[2026-01-25 22:52:50.406] [INFO ] [TID:81884992] Clean shutdown complete (main.cpp:175)

========== New Session: 2026-01-25 22:52:57.949 ==========
[2026-01-25 22:52:57.978] [INFO ] [TID:81884992] ╔════════════════════════════════════════════╗ (main.cpp:32)
[2026-01-25 22:52:57.986] [INFO ] [TID:81884992] ║          Multi-Threaded Chat Server        ║ (main.cpp:33)
[2026-01-25 22:52:57.987] [INFO ] [TID:81884992] ╚════════════════════════════════════════════╝ (main.cpp:34)
[2026-01-25 22:52:57.988] [INFO ] [TID:81884992] Main Thread: 81884992 (main.cpp:35)
[2026-01-25 22:52:58.195] [INFO ] [TID:81884992] [INFO] Server listening on port 8080 (TCPServer.cpp:54)
[2026-01-25 22:52:58.223] [INFO ] [TID:81884992] Server started successfully (TCPServer.cpp:150)
[2026-01-25 22:52:58.224] [INFO ] [TID:81884992] TCP Server started successfully (main.cpp:104)
[2026-01-25 22:52:58.225] [INFO ] [TID:81884992] Starting worker threads... (main.cpp:107)
[2026-01-25 22:52:58.253] [INFO ] [TID:81884992] ✓ PublicChatHandler Thread started (main.cpp:110)
[2026-01-25 22:52:58.278] [INFO ] [TID:81884992] ✓ ListUsersHandler Thread started (main.cpp:113)
[2026-01-25 22:52:58.305] [INFO ] [TID:81884992] ✓ Router Thread started (main.cpp:116)
[2026-01-25 22:52:58.345] [INFO ] [TID:153228992] ┌────────────────────────────────────┐ (Responser.cpp:25)
[2026-01-25 22:52:58.347] [INFO ] [TID:153228992] │    [ResponseDispatcher] Started    │ (Responser.cpp:26)
[2026-01-25 22:52:58.349] [INFO ] [TID:153228992] │ TID: 153228992 (Responser.cpp:27)
[2026-01-25 22:52:58.350] [INFO ] [TID:153228992] └────────────────────────────────────┘ (Responser.cpp:28)
[2026-01-25 22:52:58.370] [INFO ] [TID:128050880] ┌────────────────────────────────────┐ (PublicChatHandlerThread.cpp:10)
[2026-01-25 22:52:58.384] [INFO ] [TID:128050880] │ [PublicChatHandler] Started (PublicChatHandlerThread.cpp:11)
[2026-01-25 22:52:58.386] [INFO ] [TID:128050880] │ TID: 128050880 (PublicChatHandlerThread.cpp:12)
[2026-01-25 22:52:58.387] [INFO ] [TID:128050880] └────────────────────────────────────┘ (PublicChatHandlerThread.cpp:13)
[2026-01-25 22:52:58.391] [INFO ] [TID:144836288] ┌────────────────────────────────────┐ (ChatControllerThread.cpp:28)
[2026-01-25 22:52:58.393] [INFO ] [TID:144836288] │   [ChatControllerThread] Started   │ (ChatControllerThread.cpp:29)
[2026-01-25 22:52:58.394] [INFO ] [TID:144836288] │ TID: 144836288 (ChatControllerThread.cpp:30)
[2026-01-25 22:52:58.396] [INFO ] [TID:144836288] └────────────────────────────────────┘ (ChatControllerThread.cpp:31)
[2026-01-25 22:52:58.399] [INFO ] [TID:136443584] ┌────────────────────────────────────┐ (ListUsersHandlerThread.cpp:12)
[2026-01-25 22:52:58.401] [INFO ] [TID:136443584] │   [ListUsersHandler] Started       │ (ListUsersHandlerThread.cpp:13)
[2026-01-25 22:52:58.403] [INFO ] [TID:136443584] │ TID: 136443584 (ListUsersHandlerThread.cpp:14)
[2026-01-25 22:52:58.404] [INFO ] [TID:136443584] └────────────────────────────────────┘ (ListUsersHandlerThread.cpp:15)
[2026-01-25 22:52:58.405] [INFO ] [TID:81884992] ✓ Response Dispatcher started (main.cpp:119)
[2026-01-25 22:52:58.441] [INFO ] [TID:81884992] ✓ Epoll Thread started (main.cpp:123)
[2026-01-25 22:52:58.442] [INFO ] [TID:81884992] ╔════════════════════════════════════╗ (main.cpp:125)
[2026-01-25 22:52:58.444] [INFO ] [TID:81884992] ║   Server Ready on port 8080        ║ (main.cpp:126)
[2026-01-25 22:52:58.445] [INFO ] [TID:81884992] ║   <message> - public chat          ║ (main.cpp:127)
[2026-01-25 22:52:58.447] [INFO ] [TID:81884992] ║   Press Ctrl+C to stop             ║ (main.cpp:128)
[2026-01-25 22:52:58.448] [INFO ] [TID:81884992] ╚════════════════════════════════════╝ (main.cpp:129)
[2026-01-25 22:52:58.458] [INFO ] [TID:161621696] ┌────────────────────────────────────┐ (EpollThread.cpp:21)
[2026-01-25 22:52:58.471] [INFO ] [TID:161621696] │       [EpollThread] Started        │ (EpollThread.cpp:22)
[2026-01-25 22:52:58.473] [INFO ] [TID:161621696] │ TID: 161621696 (EpollThread.cpp:23)
[2026-01-25 22:52:58.475] [INFO ] [TID:161621696] └────────────────────────────────────┘ (EpollThread.cpp:24)
[2026-01-25 22:53:00.632] [INFO ] [TID:81884992] Received signal 2, shutting down... (main.cpp:7)
[2026-01-25 22:53:00.680] [INFO ] [TID:144836288] [ChatControllerThread] Stopped (ChatControllerThread.cpp:60)
[2026-01-25 22:53:01.483] [INFO ] [TID:161621696] [EpollThread] Stopped (EpollThread.cpp:28)
[2026-01-25 22:53:03.499] [INFO ] [TID:81884992] Initiating graceful shutdown... (main.cpp:155)
[2026-01-25 22:53:03.505] [INFO ] [TID:81884992] ✓ Epoll stopped (main.cpp:158)
[2026-01-25 22:53:03.516] [INFO ] [TID:81884992] ✓ Router stopped (main.cpp:161)
[2026-01-25 22:54:01.161] [INFO ] [TID:128050880] [PublicChatHandler] Stopped (PublicChatHandlerThread.cpp:40)
[2026-01-25 22:55:02.117] [INFO ] [TID:81884992] ✓ PublicChatHandler stopped (main.cpp:164)
[2026-01-25 22:55:12.193] [INFO ] [TID:136443584] [ListUsersHandler] Stopped (ListUsersHandlerThread.cpp:41)
[2026-01-25 22:55:12.196] [INFO ] [TID:81884992] ✓ ListUsersHandler stopped (main.cpp:167)
[2026-01-25 22:55:12.201] [INFO ] [TID:153228992] [ResponseDispatcher] Stopped (Responser.cpp:48)
[2026-01-25 22:55:12.207] [INFO ] [TID:81884992] ✓ Response Dispatcher stopped (main.cpp:170)
[2026-01-25 22:55:12.209] [INFO ] [TID:81884992] Stopping server... (TCPServer.cpp:154)
[2026-01-25 22:55:12.221] [INFO ] [TID:81884992] Client disconnected fd=5 (Epoll.cpp:71)
[2026-01-25 22:55:12.224] [INFO ] [TID:81884992] Server stopped (TCPServer.cpp:160)
[2026-01-25 22:55:12.226] [INFO ] [TID:81884992] ✓ TCP Server stopped (main.cpp:173)
[2026-01-25 22:55:12.227] [INFO ] [TID:81884992] Clean shutdown complete (main.cpp:175)

========== New Session: 2026-01-25 23:03:12.617 ==========
[2026-01-25 23:03:12.646] [INFO ] [TID:81884992] ╔════════════════════════════════════════════╗ (main.cpp:32)
[2026-01-25 23:03:12.654] [INFO ] [TID:81884992] ║          Multi-Threaded Chat Server        ║ (main.cpp:33)
[2026-01-25 23:03:12.655] [INFO ] [TID:81884992] ╚════════════════════════════════════════════╝ (main.cpp:34)
[2026-01-25 23:03:12.655] [INFO ] [TID:81884992] Main Thread: 81884992 (main.cpp:35)
[2026-01-25 23:03:12.849] [INFO ] [TID:81884992] [INFO] Server listening on port 8080 (TCPServer.cpp:54)
[2026-01-25 23:03:12.915] [INFO ] [TID:81884992] Server started successfully (TCPServer.cpp:150)
[2026-01-25 23:03:12.917] [INFO ] [TID:81884992] TCP Server started successfully (main.cpp:104)
[2026-01-25 23:03:12.918] [INFO ] [TID:81884992] Starting worker threads... (main.cpp:107)
[2026-01-25 23:03:12.952] [INFO ] [TID:81884992] ✓ PublicChatHandler Thread started (main.cpp:110)
[2026-01-25 23:03:12.977] [INFO ] [TID:81884992] ✓ ListUsersHandler Thread started (main.cpp:113)
[2026-01-25 23:03:13.004] [INFO ] [TID:81884992] ✓ Router Thread started (main.cpp:116)
[2026-01-25 23:03:13.034] [INFO ] [TID:153228992] ┌────────────────────────────────────┐ (Responser.cpp:25)
[2026-01-25 23:03:13.043] [INFO ] [TID:153228992] │    [ResponseDispatcher] Started    │ (Responser.cpp:26)
[2026-01-25 23:03:13.044] [INFO ] [TID:153228992] │ TID: 153228992 (Responser.cpp:27)
[2026-01-25 23:03:13.045] [INFO ] [TID:153228992] └────────────────────────────────────┘ (Responser.cpp:28)
[2026-01-25 23:03:13.055] [INFO ] [TID:128050880] ┌────────────────────────────────────┐ (PublicChatHandlerThread.cpp:10)
[2026-01-25 23:03:13.057] [INFO ] [TID:128050880] │ [PublicChatHandler] Started (PublicChatHandlerThread.cpp:11)
[2026-01-25 23:03:13.059] [INFO ] [TID:128050880] │ TID: 128050880 (PublicChatHandlerThread.cpp:12)
[2026-01-25 23:03:13.060] [INFO ] [TID:128050880] └────────────────────────────────────┘ (PublicChatHandlerThread.cpp:13)
[2026-01-25 23:03:13.066] [INFO ] [TID:144836288] ┌────────────────────────────────────┐ (ChatControllerThread.cpp:28)
[2026-01-25 23:03:13.068] [INFO ] [TID:144836288] │   [ChatControllerThread] Started   │ (ChatControllerThread.cpp:29)
[2026-01-25 23:03:13.070] [INFO ] [TID:144836288] │ TID: 144836288 (ChatControllerThread.cpp:30)
[2026-01-25 23:03:13.071] [INFO ] [TID:144836288] └────────────────────────────────────┘ (ChatControllerThread.cpp:31)
[2026-01-25 23:03:13.075] [INFO ] [TID:81884992] ✓ Response Dispatcher started (main.cpp:119)
[2026-01-25 23:03:13.102] [INFO ] [TID:81884992] ✓ Epoll Thread started (main.cpp:123)
[2026-01-25 23:03:13.106] [INFO ] [TID:81884992] ╔════════════════════════════════════╗ (main.cpp:125)
[2026-01-25 23:03:13.107] [INFO ] [TID:81884992] ║   Server Ready on port 8080        ║ (main.cpp:126)
[2026-01-25 23:03:13.109] [INFO ] [TID:81884992] ║   <message> - public chat          ║ (main.cpp:127)
[2026-01-25 23:03:13.110] [INFO ] [TID:81884992] ║   Press Ctrl+C to stop             ║ (main.cpp:128)
[2026-01-25 23:03:13.111] [INFO ] [TID:81884992] ╚════════════════════════════════════╝ (main.cpp:129)
[2026-01-25 23:03:13.115] [INFO ] [TID:161621696] ┌────────────────────────────────────┐ (EpollThread.cpp:21)
[2026-01-25 23:03:13.116] [INFO ] [TID:161621696] │       [EpollThread] Started        │ (EpollThread.cpp:22)
[2026-01-25 23:03:13.118] [INFO ] [TID:161621696] │ TID: 161621696 (EpollThread.cpp:23)
[2026-01-25 23:03:13.120] [INFO ] [TID:161621696] └────────────────────────────────────┘ (EpollThread.cpp:24)
[2026-01-25 23:03:13.121] [INFO ] [TID:136443584] ┌────────────────────────────────────┐ (ListUsersHandlerThread.cpp:12)
[2026-01-25 23:03:13.123] [INFO ] [TID:136443584] │   [ListUsersHandler] Started       │ (ListUsersHandlerThread.cpp:13)
[2026-01-25 23:03:13.125] [INFO ] [TID:136443584] │ TID: 136443584 (ListUsersHandlerThread.cpp:14)
[2026-01-25 23:03:13.126] [INFO ] [TID:136443584] └────────────────────────────────────┘ (ListUsersHandlerThread.cpp:15)
[2026-01-25 23:03:14.503] [INFO ] [TID:81884992] Received signal 2, shutting down... (main.cpp:7)
[2026-01-25 23:03:14.539] [INFO ] [TID:144836288] [ChatControllerThread] Stopped (ChatControllerThread.cpp:60)
[2026-01-25 23:03:15.126] [INFO ] [TID:161621696] [EpollThread] Stopped (EpollThread.cpp:28)
[2026-01-25 23:03:18.146] [INFO ] [TID:81884992] Initiating graceful shutdown... (main.cpp:155)
[2026-01-25 23:03:18.151] [INFO ] [TID:81884992] ✓ Epoll stopped (main.cpp:158)
[2026-01-25 23:03:18.159] [INFO ] [TID:81884992] ✓ Router stopped (main.cpp:161)
[2026-01-25 23:05:44.429] [INFO ] [TID:128050880] [PublicChatHandler] Stopped (PublicChatHandlerThread.cpp:40)
[2026-01-25 23:06:16.257] [INFO ] [TID:81884992] ✓ PublicChatHandler stopped (main.cpp:164)
[2026-01-25 23:06:16.259] [INFO ] [TID:136443584] [ListUsersHandler] Stopped (ListUsersHandlerThread.cpp:41)
[2026-01-25 23:06:16.260] [INFO ] [TID:81884992] ✓ ListUsersHandler stopped (main.cpp:167)
[2026-01-25 23:06:16.264] [INFO ] [TID:153228992] [ResponseDispatcher] Stopped (Responser.cpp:48)
[2026-01-25 23:06:16.268] [INFO ] [TID:81884992] ✓ Response Dispatcher stopped (main.cpp:170)
[2026-01-25 23:06:16.270] [INFO ] [TID:81884992] Stopping server... (TCPServer.cpp:154)
[2026-01-25 23:06:16.280] [INFO ] [TID:81884992] Client disconnected fd=5 (Epoll.cpp:71)
[2026-01-25 23:06:16.282] [INFO ] [TID:81884992] Server stopped (TCPServer.cpp:160)
[2026-01-25 23:06:16.283] [INFO ] [TID:81884992] ✓ TCP Server stopped (main.cpp:173)
[2026-01-25 23:06:16.284] [INFO ] [TID:81884992] Clean shutdown complete (main.cpp:175)

========== New Session: 2026-01-25 23:09:02.473 ==========
[2026-01-25 23:09:02.533] [INFO ] [TID:81884992] ╔════════════════════════════════════════════╗ (main.cpp:32)
[2026-01-25 23:09:02.550] [INFO ] [TID:81884992] ║          Multi-Threaded Chat Server        ║ (main.cpp:33)
[2026-01-25 23:09:02.552] [INFO ] [TID:81884992] ╚════════════════════════════════════════════╝ (main.cpp:34)
[2026-01-25 23:09:02.553] [INFO ] [TID:81884992] Main Thread: 81884992 (main.cpp:35)
[2026-01-25 23:09:02.824] [INFO ] [TID:81884992] [INFO] Server listening on port 8080 (TCPServer.cpp:54)
[2026-01-25 23:09:02.852] [INFO ] [TID:81884992] Server started successfully (TCPServer.cpp:150)
[2026-01-25 23:09:02.853] [INFO ] [TID:81884992] TCP Server started successfully (main.cpp:104)
[2026-01-25 23:09:02.854] [INFO ] [TID:81884992] Starting worker threads... (main.cpp:107)
[2026-01-25 23:09:02.882] [INFO ] [TID:81884992] ✓ PublicChatHandler Thread started (main.cpp:110)
[2026-01-25 23:09:02.906] [INFO ] [TID:81884992] ✓ ListUsersHandler Thread started (main.cpp:113)
[2026-01-25 23:09:02.933] [INFO ] [TID:81884992] ✓ Router Thread started (main.cpp:116)
[2026-01-25 23:09:02.959] [INFO ] [TID:81884992] ✓ Response Dispatcher started (main.cpp:119)
[2026-01-25 23:09:02.986] [INFO ] [TID:81884992] ✓ Epoll Thread started (main.cpp:123)
[2026-01-25 23:09:02.988] [INFO ] [TID:81884992] ╔════════════════════════════════════╗ (main.cpp:125)
[2026-01-25 23:09:02.989] [INFO ] [TID:81884992] ║   Server Ready on port 8080        ║ (main.cpp:126)
[2026-01-25 23:09:02.990] [INFO ] [TID:81884992] ║   <message> - public chat          ║ (main.cpp:127)
[2026-01-25 23:09:02.991] [INFO ] [TID:81884992] ║   Press Ctrl+C to stop             ║ (main.cpp:128)
[2026-01-25 23:09:02.992] [INFO ] [TID:81884992] ╚════════════════════════════════════╝ (main.cpp:129)
[2026-01-25 23:09:02.999] [INFO ] [TID:144836288] ┌────────────────────────────────────┐ (ChatControllerThread.cpp:28)
[2026-01-25 23:09:03.010] [INFO ] [TID:144836288] │   [ChatControllerThread] Started   │ (ChatControllerThread.cpp:29)
[2026-01-25 23:09:03.014] [INFO ] [TID:144836288] │ TID: 144836288 (ChatControllerThread.cpp:30)
[2026-01-25 23:09:03.015] [INFO ] [TID:144836288] └────────────────────────────────────┘ (ChatControllerThread.cpp:31)
[2026-01-25 23:09:03.028] [INFO ] [TID:153228992] ┌────────────────────────────────────┐ (Responser.cpp:25)
[2026-01-25 23:09:03.030] [INFO ] [TID:153228992] │    [ResponseDispatcher] Started    │ (Responser.cpp:26)
[2026-01-25 23:09:03.031] [INFO ] [TID:153228992] │ TID: 153228992 (Responser.cpp:27)
[2026-01-25 23:09:03.033] [INFO ] [TID:153228992] └────────────────────────────────────┘ (Responser.cpp:28)
[2026-01-25 23:09:03.037] [INFO ] [TID:128050880] ┌────────────────────────────────────┐ (PublicChatHandlerThread.cpp:10)
[2026-01-25 23:09:03.038] [INFO ] [TID:128050880] │ [PublicChatHandler] Started (PublicChatHandlerThread.cpp:11)
[2026-01-25 23:09:03.040] [INFO ] [TID:128050880] │ TID: 128050880 (PublicChatHandlerThread.cpp:12)
[2026-01-25 23:09:03.041] [INFO ] [TID:128050880] └────────────────────────────────────┘ (PublicChatHandlerThread.cpp:13)
[2026-01-25 23:09:03.045] [INFO ] [TID:161621696] ┌────────────────────────────────────┐ (EpollThread.cpp:21)
[2026-01-25 23:09:03.047] [INFO ] [TID:161621696] │       [EpollThread] Started        │ (EpollThread.cpp:22)
[2026-01-25 23:09:03.048] [INFO ] [TID:161621696] │ TID: 161621696 (EpollThread.cpp:23)
[2026-01-25 23:09:03.050] [INFO ] [TID:161621696] └────────────────────────────────────┘ (EpollThread.cpp:24)
[2026-01-25 23:09:03.053] [INFO ] [TID:136443584] ┌────────────────────────────────────┐ (ListUsersHandlerThread.cpp:12)
[2026-01-25 23:09:03.055] [INFO ] [TID:136443584] │   [ListUsersHandler] Started       │ (ListUsersHandlerThread.cpp:13)
[2026-01-25 23:09:03.056] [INFO ] [TID:136443584] │ TID: 136443584 (ListUsersHandlerThread.cpp:14)
[2026-01-25 23:09:03.058] [INFO ] [TID:136443584] └────────────────────────────────────┘ (ListUsersHandlerThread.cpp:15)
[2026-01-25 23:09:04.561] [INFO ] [TID:81884992] Received signal 2, shutting down... (main.cpp:7)
[2026-01-25 23:09:04.601] [INFO ] [TID:144836288] [ChatControllerThread] Stopped (ChatControllerThread.cpp:60)
[2026-01-25 23:09:05.057] [INFO ] [TID:161621696] [EpollThread] Stopped (EpollThread.cpp:28)
[2026-01-25 23:09:08.030] [INFO ] [TID:81884992] Initiating graceful shutdown... (main.cpp:155)
[2026-01-25 23:09:08.036] [INFO ] [TID:81884992] ✓ Epoll stopped (main.cpp:158)
[2026-01-25 23:09:08.042] [INFO ] [TID:81884992] ✓ Router stopped (main.cpp:161)
[2026-01-25 23:09:57.311] [INFO ] [TID:128050880] [PublicChatHandler] Stopped (PublicChatHandlerThread.cpp:40)
[2026-01-25 23:11:04.350] [INFO ] [TID:81884992] ✓ PublicChatHandler stopped (main.cpp:164)
[2026-01-25 23:11:16.858] [INFO ] [TID:136443584] [ListUsersHandler] Stopped (ListUsersHandlerThread.cpp:41)
[2026-01-25 23:11:16.859] [INFO ] [TID:81884992] ✓ ListUsersHandler stopped (main.cpp:167)
[2026-01-25 23:11:16.864] [INFO ] [TID:153228992] [ResponseDispatcher] Stopped (Responser.cpp:48)
[2026-01-25 23:11:16.869] [INFO ] [TID:81884992] ✓ Response Dispatcher stopped (main.cpp:170)
[2026-01-25 23:11:16.872] [INFO ] [TID:81884992] Stopping server... (TCPServer.cpp:154)
[2026-01-25 23:11:16.888] [INFO ] [TID:81884992] Client disconnected fd=5 (Epoll.cpp:71)
[2026-01-25 23:11:16.891] [INFO ] [TID:81884992] Server stopped (TCPServer.cpp:160)
[2026-01-25 23:11:16.893] [INFO ] [TID:81884992] ✓ TCP Server stopped (main.cpp:173)
[2026-01-25 23:11:16.895] [INFO ] [TID:81884992] Clean shutdown complete (main.cpp:175)

========== New Session: 2026-01-25 23:20:54.379 ==========
[2026-01-25 23:20:54.408] [INFO ] [TID:81884992] ╔════════════════════════════════════════════╗ (main.cpp:32)
[2026-01-25 23:20:54.416] [INFO ] [TID:81884992] ║          Multi-Threaded Chat Server        ║ (main.cpp:33)
[2026-01-25 23:20:54.417] [INFO ] [TID:81884992] ╚════════════════════════════════════════════╝ (main.cpp:34)
[2026-01-25 23:20:54.418] [INFO ] [TID:81884992] Main Thread: 81884992 (main.cpp:35)
[2026-01-25 23:20:54.617] [INFO ] [TID:81884992] [INFO] Server listening on port 8080 (TCPServer.cpp:54)
[2026-01-25 23:20:54.646] [INFO ] [TID:81884992] Server started successfully (TCPServer.cpp:150)
[2026-01-25 23:20:54.647] [INFO ] [TID:81884992] TCP Server started successfully (main.cpp:104)
[2026-01-25 23:20:54.648] [INFO ] [TID:81884992] Starting worker threads... (main.cpp:107)
[2026-01-25 23:20:54.677] [INFO ] [TID:81884992] ✓ PublicChatHandler Thread started (main.cpp:110)
[2026-01-25 23:20:54.702] [INFO ] [TID:81884992] ✓ ListUsersHandler Thread started (main.cpp:113)
[2026-01-25 23:20:54.729] [INFO ] [TID:81884992] ✓ Router Thread started (main.cpp:116)
[2026-01-25 23:20:54.755] [INFO ] [TID:81884992] ✓ Response Dispatcher started (main.cpp:119)
[2026-01-25 23:20:54.782] [INFO ] [TID:81884992] ✓ Epoll Thread started (main.cpp:123)
[2026-01-25 23:20:54.784] [INFO ] [TID:81884992] ╔════════════════════════════════════╗ (main.cpp:125)
[2026-01-25 23:20:54.785] [INFO ] [TID:81884992] ║   Server Ready on port 8080        ║ (main.cpp:126)
[2026-01-25 23:20:54.786] [INFO ] [TID:81884992] ║   <message> - public chat          ║ (main.cpp:127)
[2026-01-25 23:20:54.787] [INFO ] [TID:81884992] ║   Press Ctrl+C to stop             ║ (main.cpp:128)
[2026-01-25 23:20:54.813] [INFO ] [TID:81884992] ╚════════════════════════════════════╝ (main.cpp:129)
[2026-01-25 23:20:54.821] [INFO ] [TID:161621696] ┌────────────────────────────────────┐ (EpollThread.cpp:21)
[2026-01-25 23:20:54.822] [INFO ] [TID:161621696] │       [EpollThread] Started        │ (EpollThread.cpp:22)
[2026-01-25 23:20:54.824] [INFO ] [TID:161621696] │ TID: 161621696 (EpollThread.cpp:23)
[2026-01-25 23:20:54.825] [INFO ] [TID:161621696] └────────────────────────────────────┘ (EpollThread.cpp:24)
[2026-01-25 23:20:54.827] [INFO ] [TID:144836288] ┌────────────────────────────────────┐ (ChatControllerThread.cpp:28)
[2026-01-25 23:20:54.829] [INFO ] [TID:144836288] │   [ChatControllerThread] Started   │ (ChatControllerThread.cpp:29)
[2026-01-25 23:20:54.831] [INFO ] [TID:144836288] │ TID: 144836288 (ChatControllerThread.cpp:30)
[2026-01-25 23:20:54.832] [INFO ] [TID:144836288] └────────────────────────────────────┘ (ChatControllerThread.cpp:31)
[2026-01-25 23:20:54.844] [INFO ] [TID:153228992] ┌────────────────────────────────────┐ (Responser.cpp:25)
[2026-01-25 23:20:54.846] [INFO ] [TID:153228992] │    [ResponseDispatcher] Started    │ (Responser.cpp:26)
[2026-01-25 23:20:54.847] [INFO ] [TID:153228992] │ TID: 153228992 (Responser.cpp:27)
[2026-01-25 23:20:54.849] [INFO ] [TID:153228992] └────────────────────────────────────┘ (Responser.cpp:28)
[2026-01-25 23:20:54.852] [INFO ] [TID:136443584] ┌────────────────────────────────────┐ (ListUsersHandlerThread.cpp:12)
[2026-01-25 23:20:54.854] [INFO ] [TID:136443584] │   [ListUsersHandler] Started       │ (ListUsersHandlerThread.cpp:13)
[2026-01-25 23:20:54.855] [INFO ] [TID:136443584] │ TID: 136443584 (ListUsersHandlerThread.cpp:14)
[2026-01-25 23:20:54.857] [INFO ] [TID:136443584] └────────────────────────────────────┘ (ListUsersHandlerThread.cpp:15)
[2026-01-25 23:20:54.860] [INFO ] [TID:128050880] ┌────────────────────────────────────┐ (PublicChatHandlerThread.cpp:10)
[2026-01-25 23:20:54.862] [INFO ] [TID:128050880] │ [PublicChatHandler] Started (PublicChatHandlerThread.cpp:11)
[2026-01-25 23:20:54.865] [INFO ] [TID:128050880] │ TID: 128050880 (PublicChatHandlerThread.cpp:12)
[2026-01-25 23:20:54.866] [INFO ] [TID:128050880] └────────────────────────────────────┘ (PublicChatHandlerThread.cpp:13)
[2026-01-25 23:20:55.925] [INFO ] [TID:81884992] Received signal 2, shutting down... (main.cpp:7)
[2026-01-25 23:20:55.965] [INFO ] [TID:144836288] [ChatControllerThread] Stopped (ChatControllerThread.cpp:60)
[2026-01-25 23:20:56.832] [INFO ] [TID:161621696] [EpollInstance] Run loop exited (Epoll.cpp:139)
[2026-01-25 23:20:56.834] [INFO ] [TID:161621696] [EpollThread] Stopped (EpollThread.cpp:28)
[2026-01-25 23:20:59.853] [INFO ] [TID:81884992] Initiating graceful shutdown... (main.cpp:155)
[2026-01-25 23:20:59.858] [INFO ] [TID:81884992] ✓ Epoll stopped (main.cpp:158)
[2026-01-25 23:20:59.867] [INFO ] [TID:81884992] ✓ Router stopped (main.cpp:161)
[2026-01-25 23:23:40.315] [INFO ] [TID:136443584] Received signal 2, shutting down... (main.cpp:7)
[2026-01-25 23:23:40.485] [INFO ] [TID:136443584] Received signal 2, shutting down... (main.cpp:7)
[2026-01-25 23:23:44.333] [INFO ] [TID:136443584] Received signal 2, shutting down... (main.cpp:7)
[2026-01-25 23:23:45.091] [INFO ] [TID:136443584] Received signal 2, shutting down... (main.cpp:7)

========== New Session: 2026-01-25 23:24:47.385 ==========
[2026-01-25 23:24:47.413] [INFO ] [TID:81884992] ╔════════════════════════════════════════════╗ (main.cpp:32)
[2026-01-25 23:24:47.422] [INFO ] [TID:81884992] ║          Multi-Threaded Chat Server        ║ (main.cpp:33)
[2026-01-25 23:24:47.422] [INFO ] [TID:81884992] ╚════════════════════════════════════════════╝ (main.cpp:34)
[2026-01-25 23:24:47.423] [INFO ] [TID:81884992] Main Thread: 81884992 (main.cpp:35)
[2026-01-25 23:24:47.633] [INFO ] [TID:81884992] [INFO] Server listening on port 8080 (TCPServer.cpp:54)
[2026-01-25 23:24:47.661] [INFO ] [TID:81884992] Server started successfully (TCPServer.cpp:150)
[2026-01-25 23:24:47.663] [INFO ] [TID:81884992] TCP Server started successfully (main.cpp:104)
[2026-01-25 23:24:47.664] [INFO ] [TID:81884992] Starting worker threads... (main.cpp:107)
[2026-01-25 23:24:47.693] [INFO ] [TID:81884992] ✓ PublicChatHandler Thread started (main.cpp:110)
[2026-01-25 23:24:47.718] [INFO ] [TID:81884992] ✓ ListUsersHandler Thread started (main.cpp:113)
[2026-01-25 23:24:47.744] [INFO ] [TID:81884992] ✓ Router Thread started (main.cpp:116)
[2026-01-25 23:24:47.771] [INFO ] [TID:81884992] ✓ Response Dispatcher started (main.cpp:119)
[2026-01-25 23:24:47.811] [INFO ] [TID:161621696] ┌────────────────────────────────────┐ (EpollThread.cpp:21)
[2026-01-25 23:24:47.832] [INFO ] [TID:161621696] │       [EpollThread] Started        │ (EpollThread.cpp:22)
[2026-01-25 23:24:47.833] [INFO ] [TID:161621696] │ TID: 161621696 (EpollThread.cpp:23)
[2026-01-25 23:24:47.834] [INFO ] [TID:161621696] └────────────────────────────────────┘ (EpollThread.cpp:24)
[2026-01-25 23:24:47.836] [INFO ] [TID:136443584] ┌────────────────────────────────────┐ (ListUsersHandlerThread.cpp:12)
[2026-01-25 23:24:47.838] [INFO ] [TID:136443584] │   [ListUsersHandler] Started       │ (ListUsersHandlerThread.cpp:13)
[2026-01-25 23:24:47.839] [INFO ] [TID:136443584] │ TID: 136443584 (ListUsersHandlerThread.cpp:14)
[2026-01-25 23:24:47.841] [INFO ] [TID:136443584] └────────────────────────────────────┘ (ListUsersHandlerThread.cpp:15)
[2026-01-25 23:24:47.853] [INFO ] [TID:153228992] ┌────────────────────────────────────┐ (Responser.cpp:25)
[2026-01-25 23:24:47.855] [INFO ] [TID:153228992] │    [ResponseDispatcher] Started    │ (Responser.cpp:26)
[2026-01-25 23:24:47.857] [INFO ] [TID:153228992] │ TID: 153228992 (Responser.cpp:27)
[2026-01-25 23:24:47.858] [INFO ] [TID:153228992] └────────────────────────────────────┘ (Responser.cpp:28)
[2026-01-25 23:24:47.862] [INFO ] [TID:128050880] ┌────────────────────────────────────┐ (PublicChatHandlerThread.cpp:10)
[2026-01-25 23:24:47.864] [INFO ] [TID:128050880] │ [PublicChatHandler] Started (PublicChatHandlerThread.cpp:11)
[2026-01-25 23:24:47.866] [INFO ] [TID:128050880] │ TID: 128050880 (PublicChatHandlerThread.cpp:12)
[2026-01-25 23:24:47.867] [INFO ] [TID:128050880] └────────────────────────────────────┘ (PublicChatHandlerThread.cpp:13)
[2026-01-25 23:24:47.869] [INFO ] [TID:81884992] ✓ Epoll Thread started (main.cpp:123)
[2026-01-25 23:24:47.871] [INFO ] [TID:81884992] ╔════════════════════════════════════╗ (main.cpp:125)
[2026-01-25 23:24:47.873] [INFO ] [TID:81884992] ║   Server Ready on port 8080        ║ (main.cpp:126)
[2026-01-25 23:24:47.875] [INFO ] [TID:81884992] ║   <message> - public chat          ║ (main.cpp:127)
[2026-01-25 23:24:47.876] [INFO ] [TID:81884992] ║   Press Ctrl+C to stop             ║ (main.cpp:128)
[2026-01-25 23:24:47.878] [INFO ] [TID:81884992] ╚════════════════════════════════════╝ (main.cpp:129)
[2026-01-25 23:24:47.884] [INFO ] [TID:144836288] ┌────────────────────────────────────┐ (ChatControllerThread.cpp:28)
[2026-01-25 23:24:47.886] [INFO ] [TID:144836288] │   [ChatControllerThread] Started   │ (ChatControllerThread.cpp:29)
[2026-01-25 23:24:47.888] [INFO ] [TID:144836288] │ TID: 144836288 (ChatControllerThread.cpp:30)
[2026-01-25 23:24:47.889] [INFO ] [TID:144836288] └────────────────────────────────────┘ (ChatControllerThread.cpp:31)
[2026-01-25 23:24:48.526] [INFO ] [TID:81884992] Received signal 2, shutting down... (main.cpp:7)
[2026-01-25 23:24:48.572] [INFO ] [TID:144836288] [ChatControllerThread] Stopped (ChatControllerThread.cpp:60)
[2026-01-25 23:24:48.839] [INFO ] [TID:161621696] [EpollInstance] Run loop exited (Epoll.cpp:139)
[2026-01-25 23:24:48.841] [INFO ] [TID:161621696] [EpollThread] Stopped (EpollThread.cpp:28)
[2026-01-25 23:24:52.924] [INFO ] [TID:81884992] Initiating graceful shutdown... (main.cpp:155)
[2026-01-25 23:24:52.930] [INFO ] [TID:81884992] ✓ Epoll stopped (main.cpp:158)
[2026-01-25 23:24:52.941] [INFO ] [TID:81884992] ✓ Router stopped (main.cpp:161)
[2026-01-25 23:25:11.570] [INFO ] [TID:128050880] [PublicChatHandler] Stopped (PublicChatHandlerThread.cpp:40)
[2026-01-25 23:29:35.635] [INFO ] [TID:136443584] Received signal 2, shutting down... (main.cpp:7)
[2026-01-25 23:29:36.664] [INFO ] [TID:136443584] Received signal 2, shutting down... (main.cpp:7)
[2026-01-25 23:29:36.922] [INFO ] [TID:136443584] Received signal 2, shutting down... (main.cpp:7)

========== New Session: 2026-01-25 23:30:04.622 ==========
[2026-01-25 23:30:04.651] [INFO ] [TID:81884992] ╔════════════════════════════════════════════╗ (main.cpp:33)
[2026-01-25 23:30:04.659] [INFO ] [TID:81884992] ║          Multi-Threaded Chat Server        ║ (main.cpp:34)
[2026-01-25 23:30:04.660] [INFO ] [TID:81884992] ╚════════════════════════════════════════════╝ (main.cpp:35)
[2026-01-25 23:30:04.660] [INFO ] [TID:81884992] Main Thread: 81884992 (main.cpp:36)
[2026-01-25 23:30:04.857] [INFO ] [TID:81884992] [INFO] Server listening on port 8080 (TCPServer.cpp:54)
[2026-01-25 23:30:04.886] [INFO ] [TID:81884992] Server started successfully (TCPServer.cpp:150)
[2026-01-25 23:30:04.887] [INFO ] [TID:81884992] TCP Server started successfully (main.cpp:105)
[2026-01-25 23:30:04.888] [INFO ] [TID:81884992] Starting worker threads... (main.cpp:108)
[2026-01-25 23:30:04.917] [INFO ] [TID:81884992] ✓ PublicChatHandler Thread started (main.cpp:111)
[2026-01-25 23:30:04.941] [INFO ] [TID:81884992] ✓ ListUsersHandler Thread started (main.cpp:114)
[2026-01-25 23:30:04.968] [INFO ] [TID:81884992] ✓ Router Thread started (main.cpp:117)
[2026-01-25 23:30:04.995] [INFO ] [TID:81884992] ✓ Response Dispatcher started (main.cpp:120)
[2026-01-25 23:30:05.022] [INFO ] [TID:81884992] ✓ Epoll Thread started (main.cpp:124)
[2026-01-25 23:30:05.051] [INFO ] [TID:81884992] ╔════════════════════════════════════╗ (main.cpp:126)
[2026-01-25 23:30:05.053] [INFO ] [TID:81884992] ║   Server Ready on port 8080        ║ (main.cpp:127)
[2026-01-25 23:30:05.054] [INFO ] [TID:81884992] ║   <message> - public chat          ║ (main.cpp:128)
[2026-01-25 23:30:05.056] [INFO ] [TID:81884992] ║   Press Ctrl+C to stop             ║ (main.cpp:129)
[2026-01-25 23:30:05.057] [INFO ] [TID:81884992] ╚════════════════════════════════════╝ (main.cpp:130)
[2026-01-25 23:30:05.063] [INFO ] [TID:153228992] ┌────────────────────────────────────┐ (Responser.cpp:25)
[2026-01-25 23:30:05.064] [INFO ] [TID:153228992] │    [ResponseDispatcher] Started    │ (Responser.cpp:26)
[2026-01-25 23:30:05.066] [INFO ] [TID:153228992] │ TID: 153228992 (Responser.cpp:27)
[2026-01-25 23:30:05.067] [INFO ] [TID:153228992] └────────────────────────────────────┘ (Responser.cpp:28)
[2026-01-25 23:30:05.076] [INFO ] [TID:136443584] ┌────────────────────────────────────┐ (ListUsersHandlerThread.cpp:12)
[2026-01-25 23:30:05.078] [INFO ] [TID:136443584] │   [ListUsersHandler] Started       │ (ListUsersHandlerThread.cpp:13)
[2026-01-25 23:30:05.079] [INFO ] [TID:136443584] │ TID: 136443584 (ListUsersHandlerThread.cpp:14)
[2026-01-25 23:30:05.081] [INFO ] [TID:136443584] └────────────────────────────────────┘ (ListUsersHandlerThread.cpp:15)
[2026-01-25 23:30:05.084] [INFO ] [TID:128050880] ┌────────────────────────────────────┐ (PublicChatHandlerThread.cpp:10)
[2026-01-25 23:30:05.086] [INFO ] [TID:128050880] │ [PublicChatHandler] Started (PublicChatHandlerThread.cpp:11)
[2026-01-25 23:30:05.088] [INFO ] [TID:128050880] │ TID: 128050880 (PublicChatHandlerThread.cpp:12)
[2026-01-25 23:30:05.089] [INFO ] [TID:128050880] └────────────────────────────────────┘ (PublicChatHandlerThread.cpp:13)
[2026-01-25 23:30:05.091] [INFO ] [TID:161621696] ┌────────────────────────────────────┐ (EpollThread.cpp:21)
[2026-01-25 23:30:05.092] [INFO ] [TID:161621696] │       [EpollThread] Started        │ (EpollThread.cpp:22)
[2026-01-25 23:30:05.094] [INFO ] [TID:161621696] │ TID: 161621696 (EpollThread.cpp:23)
[2026-01-25 23:30:05.095] [INFO ] [TID:161621696] └────────────────────────────────────┘ (EpollThread.cpp:24)
[2026-01-25 23:30:05.096] [INFO ] [TID:144836288] ┌────────────────────────────────────┐ (ChatControllerThread.cpp:28)
[2026-01-25 23:30:05.098] [INFO ] [TID:144836288] │   [ChatControllerThread] Started   │ (ChatControllerThread.cpp:29)
[2026-01-25 23:30:05.099] [INFO ] [TID:144836288] │ TID: 144836288 (ChatControllerThread.cpp:30)
[2026-01-25 23:30:05.101] [INFO ] [TID:144836288] └────────────────────────────────────┘ (ChatControllerThread.cpp:31)
[2026-01-25 23:30:06.298] [INFO ] [TID:144836288] [ChatControllerThread] Stopped (ChatControllerThread.cpp:60)
[2026-01-25 23:30:07.101] [INFO ] [TID:161621696] [EpollInstance] Run loop exited (Epoll.cpp:139)
[2026-01-25 23:30:07.103] [INFO ] [TID:161621696] [EpollThread] Stopped (EpollThread.cpp:28)
[2026-01-25 23:30:10.094] [INFO ] [TID:81884992] Initiating graceful shutdown... (main.cpp:156)
[2026-01-25 23:30:10.099] [INFO ] [TID:81884992] ✓ Epoll stopped (main.cpp:159)
[2026-01-25 23:30:32.004] [INFO ] [TID:81884992] ✓ Router stopped (main.cpp:162)
[2026-01-25 23:31:18.959] [INFO ] [TID:128050880] [PublicChatHandler] Stopped (PublicChatHandlerThread.cpp:40)
[2026-01-25 23:31:18.961] [INFO ] [TID:81884992] ✓ PublicChatHandler stopped (main.cpp:165)
[2026-01-25 23:31:18.964] [INFO ] [TID:136443584] [ListUsersHandler] Stopped (ListUsersHandlerThread.cpp:41)
[2026-01-25 23:31:18.967] [INFO ] [TID:81884992] ✓ ListUsersHandler stopped (main.cpp:168)
[2026-01-25 23:31:18.971] [INFO ] [TID:153228992] [ResponseDispatcher] Stopped (Responser.cpp:48)
[2026-01-25 23:31:18.976] [INFO ] [TID:81884992] ✓ Response Dispatcher stopped (main.cpp:171)
[2026-01-25 23:31:18.977] [INFO ] [TID:81884992] Stopping server... (TCPServer.cpp:154)
[2026-01-25 23:31:18.990] [INFO ] [TID:81884992] Client disconnected fd=5 (Epoll.cpp:80)
[2026-01-25 23:31:18.993] [INFO ] [TID:81884992] Server stopped (TCPServer.cpp:160)
[2026-01-25 23:31:18.994] [INFO ] [TID:81884992] ✓ TCP Server stopped (main.cpp:174)
[2026-01-25 23:31:18.995] [INFO ] [TID:81884992] Clean shutdown complete (main.cpp:176)

========== New Session: 2026-01-25 23:34:51.305 ==========
[2026-01-25 23:34:51.334] [INFO ] [TID:81884992] ╔════════════════════════════════════════════╗ (main.cpp:33)
[2026-01-25 23:34:51.342] [INFO ] [TID:81884992] ║          Multi-Threaded Chat Server        ║ (main.cpp:34)
[2026-01-25 23:34:51.343] [INFO ] [TID:81884992] ╚════════════════════════════════════════════╝ (main.cpp:35)
[2026-01-25 23:34:51.343] [INFO ] [TID:81884992] Main Thread: 81884992 (main.cpp:36)
[2026-01-25 23:34:51.542] [INFO ] [TID:81884992] [INFO] Server listening on port 8080 (TCPServer.cpp:54)
[2026-01-25 23:34:51.571] [INFO ] [TID:81884992] Server started successfully (TCPServer.cpp:150)
[2026-01-25 23:34:51.572] [INFO ] [TID:81884992] TCP Server started successfully (main.cpp:105)
[2026-01-25 23:34:51.573] [INFO ] [TID:81884992] Starting worker threads... (main.cpp:108)
[2026-01-25 23:34:51.601] [INFO ] [TID:81884992] ✓ PublicChatHandler Thread started (main.cpp:111)
[2026-01-25 23:34:51.626] [INFO ] [TID:81884992] ✓ ListUsersHandler Thread started (main.cpp:114)
[2026-01-25 23:34:51.653] [INFO ] [TID:81884992] ✓ Router Thread started (main.cpp:117)
[2026-01-25 23:34:51.680] [INFO ] [TID:81884992] ✓ Response Dispatcher started (main.cpp:120)
[2026-01-25 23:34:51.707] [INFO ] [TID:81884992] ✓ Epoll Thread started (main.cpp:124)
[2026-01-25 23:34:51.708] [INFO ] [TID:81884992] ╔════════════════════════════════════╗ (main.cpp:126)
[2026-01-25 23:34:51.709] [INFO ] [TID:81884992] ║   Server Ready on port 8080        ║ (main.cpp:127)
[2026-01-25 23:34:51.710] [INFO ] [TID:81884992] ║   <message> - public chat          ║ (main.cpp:128)
[2026-01-25 23:34:51.711] [INFO ] [TID:81884992] ║   Press Ctrl+C to stop             ║ (main.cpp:129)
[2026-01-25 23:34:51.712] [INFO ] [TID:81884992] ╚════════════════════════════════════╝ (main.cpp:130)
[2026-01-25 23:34:51.734] [INFO ] [TID:136443584] ┌────────────────────────────────────┐ (ListUsersHandlerThread.cpp:12)
[2026-01-25 23:34:51.736] [INFO ] [TID:136443584] │   [ListUsersHandler] Started       │ (ListUsersHandlerThread.cpp:13)
[2026-01-25 23:34:51.737] [INFO ] [TID:136443584] │ TID: 136443584 (ListUsersHandlerThread.cpp:14)
[2026-01-25 23:34:51.739] [INFO ] [TID:136443584] └────────────────────────────────────┘ (ListUsersHandlerThread.cpp:15)
[2026-01-25 23:34:51.752] [INFO ] [TID:128050880] ┌────────────────────────────────────┐ (PublicChatHandlerThread.cpp:10)
[2026-01-25 23:34:51.753] [INFO ] [TID:128050880] │ [PublicChatHandler] Started (PublicChatHandlerThread.cpp:11)
[2026-01-25 23:34:51.755] [INFO ] [TID:128050880] │ TID: 128050880 (PublicChatHandlerThread.cpp:12)
[2026-01-25 23:34:51.756] [INFO ] [TID:128050880] └────────────────────────────────────┘ (PublicChatHandlerThread.cpp:13)
[2026-01-25 23:34:51.760] [INFO ] [TID:144836288] ┌────────────────────────────────────┐ (ChatControllerThread.cpp:28)
[2026-01-25 23:34:51.761] [INFO ] [TID:144836288] │   [ChatControllerThread] Started   │ (ChatControllerThread.cpp:29)
[2026-01-25 23:34:51.763] [INFO ] [TID:144836288] │ TID: 144836288 (ChatControllerThread.cpp:30)
[2026-01-25 23:34:51.764] [INFO ] [TID:144836288] └────────────────────────────────────┘ (ChatControllerThread.cpp:31)
[2026-01-25 23:34:51.770] [INFO ] [TID:161621696] ┌────────────────────────────────────┐ (EpollThread.cpp:21)
[2026-01-25 23:34:51.775] [INFO ] [TID:161621696] │       [EpollThread] Started        │ (EpollThread.cpp:22)
[2026-01-25 23:34:51.777] [INFO ] [TID:161621696] │ TID: 161621696 (EpollThread.cpp:23)
[2026-01-25 23:34:51.779] [INFO ] [TID:161621696] └────────────────────────────────────┘ (EpollThread.cpp:24)
[2026-01-25 23:34:51.781] [INFO ] [TID:153228992] ┌────────────────────────────────────┐ (Responser.cpp:25)
[2026-01-25 23:34:51.782] [INFO ] [TID:153228992] │    [ResponseDispatcher] Started    │ (Responser.cpp:26)
[2026-01-25 23:34:51.784] [INFO ] [TID:153228992] │ TID: 153228992 (Responser.cpp:27)
[2026-01-25 23:34:51.785] [INFO ] [TID:153228992] └────────────────────────────────────┘ (Responser.cpp:28)
[2026-01-25 23:34:52.482] [INFO ] [TID:144836288] [ChatControllerThread] Stopped (ChatControllerThread.cpp:60)
[2026-01-25 23:34:52.783] [INFO ] [TID:161621696] [EpollInstance] Run loop exited (Epoll.cpp:139)
[2026-01-25 23:34:52.786] [INFO ] [TID:161621696] [EpollThread] Stopped (EpollThread.cpp:28)
[2026-01-25 23:34:56.748] [INFO ] [TID:81884992] Initiating graceful shutdown... (main.cpp:156)
[2026-01-25 23:34:56.753] [INFO ] [TID:81884992] ✓ Epoll stopped (main.cpp:159)
[2026-01-25 23:34:56.760] [INFO ] [TID:81884992] ✓ Router stopped (main.cpp:162)
[2026-01-25 23:34:57.894] [INFO ] [TID:128050880] [PublicChatHandler] Stopped (PublicChatHandlerThread.cpp:40)
[2026-01-25 23:40:34.955] [INFO ] [TID:81884992] ✓ PublicChatHandler stopped (main.cpp:165)
[2026-01-25 23:40:47.732] [INFO ] [TID:136443584] [ListUsersHandler] Stopped (ListUsersHandlerThread.cpp:41)
[2026-01-25 23:40:47.735] [INFO ] [TID:81884992] ✓ ListUsersHandler stopped (main.cpp:168)
[2026-01-25 23:40:47.738] [INFO ] [TID:153228992] [ResponseDispatcher] Stopped (Responser.cpp:48)
[2026-01-25 23:40:47.742] [INFO ] [TID:81884992] ✓ Response Dispatcher stopped (main.cpp:171)
[2026-01-25 23:40:47.743] [INFO ] [TID:81884992] Stopping server... (TCPServer.cpp:154)
[2026-01-25 23:40:47.753] [INFO ] [TID:81884992] Client disconnected fd=5 (Epoll.cpp:80)
[2026-01-25 23:40:47.755] [INFO ] [TID:81884992] Server stopped (TCPServer.cpp:160)
[2026-01-25 23:40:47.756] [INFO ] [TID:81884992] ✓ TCP Server stopped (main.cpp:174)
[2026-01-25 23:40:47.757] [INFO ] [TID:81884992] Clean shutdown complete (main.cpp:176)

========== New Session: 2026-01-26 00:01:32.750 ==========
[2026-01-26 00:01:32.779] [INFO ] [TID:81884992] ╔════════════════════════════════════════════╗ (main.cpp:33)
[2026-01-26 00:01:32.787] [INFO ] [TID:81884992] ║          Multi-Threaded Chat Server        ║ (main.cpp:34)
[2026-01-26 00:01:32.788] [INFO ] [TID:81884992] ╚════════════════════════════════════════════╝ (main.cpp:35)
[2026-01-26 00:01:32.789] [INFO ] [TID:81884992] Main Thread: 81884992 (main.cpp:36)
[2026-01-26 00:01:32.998] [INFO ] [TID:81884992] [INFO] Server listening on port 8080 (TCPServer.cpp:54)
[2026-01-26 00:01:33.027] [INFO ] [TID:81884992] Server started successfully (TCPServer.cpp:150)
[2026-01-26 00:01:33.030] [INFO ] [TID:81884992] TCP Server started successfully (main.cpp:105)
[2026-01-26 00:01:33.031] [INFO ] [TID:81884992] Starting worker threads... (main.cpp:108)
[2026-01-26 00:01:33.083] [INFO ] [TID:81884992] ✓ PublicChatHandler Thread started (main.cpp:111)
[2026-01-26 00:01:33.116] [INFO ] [TID:136443584] ┌────────────────────────────────────┐ (ListUsersHandlerThread.cpp:12)
[2026-01-26 00:01:33.118] [INFO ] [TID:136443584] │   [ListUsersHandler] Started       │ (ListUsersHandlerThread.cpp:13)
[2026-01-26 00:01:33.120] [INFO ] [TID:136443584] │ TID: 136443584 (ListUsersHandlerThread.cpp:14)
[2026-01-26 00:01:33.122] [INFO ] [TID:136443584] └────────────────────────────────────┘ (ListUsersHandlerThread.cpp:15)
[2026-01-26 00:01:33.138] [INFO ] [TID:81884992] ✓ ListUsersHandler Thread started (main.cpp:114)
[2026-01-26 00:01:33.183] [INFO ] [TID:81884992] ✓ Router Thread started (main.cpp:117)
[2026-01-26 00:01:33.220] [INFO ] [TID:81884992] ✓ Response Dispatcher started (main.cpp:120)
[2026-01-26 00:01:33.258] [INFO ] [TID:81884992] ✓ Epoll Thread started (main.cpp:124)
[2026-01-26 00:01:33.259] [INFO ] [TID:81884992] ╔════════════════════════════════════╗ (main.cpp:126)
[2026-01-26 00:01:33.261] [INFO ] [TID:81884992] ║   Server Ready on port 8080        ║ (main.cpp:127)
[2026-01-26 00:01:33.262] [INFO ] [TID:81884992] ║   <message> - public chat          ║ (main.cpp:128)
[2026-01-26 00:01:33.263] [INFO ] [TID:81884992] ║   Press Ctrl+C to stop             ║ (main.cpp:129)
[2026-01-26 00:01:33.265] [INFO ] [TID:81884992] ╚════════════════════════════════════╝ (main.cpp:130)
[2026-01-26 00:01:33.272] [INFO ] [TID:161621696] ┌────────────────────────────────────┐ (EpollThread.cpp:21)
[2026-01-26 00:01:33.274] [INFO ] [TID:161621696] │       [EpollThread] Started        │ (EpollThread.cpp:22)
[2026-01-26 00:01:33.275] [INFO ] [TID:161621696] │ TID: 161621696 (EpollThread.cpp:23)
[2026-01-26 00:01:33.277] [INFO ] [TID:161621696] └────────────────────────────────────┘ (EpollThread.cpp:24)
[2026-01-26 00:01:33.278] [INFO ] [TID:144836288] ┌────────────────────────────────────┐ (ChatControllerThread.cpp:28)
[2026-01-26 00:01:33.280] [INFO ] [TID:144836288] │   [ChatControllerThread] Started   │ (ChatControllerThread.cpp:29)
[2026-01-26 00:01:33.283] [INFO ] [TID:144836288] │ TID: 144836288 (ChatControllerThread.cpp:30)
[2026-01-26 00:01:33.284] [INFO ] [TID:144836288] └────────────────────────────────────┘ (ChatControllerThread.cpp:31)
[2026-01-26 00:01:33.288] [INFO ] [TID:153228992] ┌────────────────────────────────────┐ (Responser.cpp:25)
[2026-01-26 00:01:33.289] [INFO ] [TID:153228992] │    [ResponseDispatcher] Started    │ (Responser.cpp:26)
[2026-01-26 00:01:33.296] [INFO ] [TID:153228992] │ TID: 153228992 (Responser.cpp:27)
[2026-01-26 00:01:33.301] [INFO ] [TID:153228992] └────────────────────────────────────┘ (Responser.cpp:28)
[2026-01-26 00:01:33.305] [INFO ] [TID:128050880] ┌────────────────────────────────────┐ (PublicChatHandlerThread.cpp:10)
[2026-01-26 00:01:33.307] [INFO ] [TID:128050880] │ [PublicChatHandler] Started (PublicChatHandlerThread.cpp:11)
[2026-01-26 00:01:33.309] [INFO ] [TID:128050880] │ TID: 128050880 (PublicChatHandlerThread.cpp:12)
[2026-01-26 00:01:33.310] [INFO ] [TID:128050880] └────────────────────────────────────┘ (PublicChatHandlerThread.cpp:13)
[2026-01-26 00:01:35.866] [INFO ] [TID:144836288] [ChatControllerThread] Stopped (ChatControllerThread.cpp:68)
[2026-01-26 00:01:36.284] [INFO ] [TID:161621696] [EpollInstance] Run loop exited (Epoll.cpp:139)
[2026-01-26 00:01:36.286] [INFO ] [TID:161621696] [EpollThread] Stopped (EpollThread.cpp:28)
[2026-01-26 00:01:38.301] [INFO ] [TID:81884992] Initiating graceful shutdown... (main.cpp:156)
[2026-01-26 00:01:38.306] [INFO ] [TID:81884992] ✓ Epoll stopped (main.cpp:159)
[2026-01-26 00:01:38.315] [INFO ] [TID:81884992] ✓ Router stopped (main.cpp:162)
[2026-01-26 00:01:38.321] [INFO ] [TID:128050880] [PublicChatHandler] Stopped (PublicChatHandlerThread.cpp:46)
[2026-01-26 00:03:07.762] [INFO ] [TID:81884992] ✓ PublicChatHandler stopped (main.cpp:165)
[2026-01-26 00:03:07.772] [INFO ] [TID:136443584] [ListUsersHandler] Stopped (ListUsersHandlerThread.cpp:48)
[2026-01-26 00:03:07.774] [INFO ] [TID:81884992] ✓ ListUsersHandler stopped (main.cpp:168)
[2026-01-26 00:03:07.781] [INFO ] [TID:153228992] [ResponseDispatcher] Stopped (Responser.cpp:54)
[2026-01-26 00:03:07.790] [INFO ] [TID:81884992] ✓ Response Dispatcher stopped (main.cpp:171)
[2026-01-26 00:03:07.792] [INFO ] [TID:81884992] Stopping server... (TCPServer.cpp:154)
[2026-01-26 00:03:07.805] [INFO ] [TID:81884992] Client disconnected fd=5 (Epoll.cpp:80)
[2026-01-26 00:03:07.808] [INFO ] [TID:81884992] Server stopped (TCPServer.cpp:160)
[2026-01-26 00:03:07.810] [INFO ] [TID:81884992] ✓ TCP Server stopped (main.cpp:174)
[2026-01-26 00:03:07.811] [INFO ] [TID:81884992] Clean shutdown complete (main.cpp:176)

========== New Session: 2026-01-26 00:05:45.594 ==========
[2026-01-26 00:05:45.655] [INFO ] [TID:81884992] ╔════════════════════════════════════════════╗ (main.cpp:33)
[2026-01-26 00:05:45.672] [INFO ] [TID:81884992] ║          Multi-Threaded Chat Server        ║ (main.cpp:34)
[2026-01-26 00:05:45.673] [INFO ] [TID:81884992] ╚════════════════════════════════════════════╝ (main.cpp:35)
[2026-01-26 00:05:45.675] [INFO ] [TID:81884992] Main Thread: 81884992 (main.cpp:36)
[2026-01-26 00:05:45.907] [INFO ] [TID:81884992] [INFO] Server listening on port 8080 (TCPServer.cpp:54)
[2026-01-26 00:05:45.937] [INFO ] [TID:81884992] Server started successfully (TCPServer.cpp:150)
[2026-01-26 00:05:45.955] [INFO ] [TID:81884992] TCP Server started successfully (main.cpp:105)
[2026-01-26 00:05:45.957] [INFO ] [TID:81884992] Starting worker threads... (main.cpp:108)
[2026-01-26 00:05:45.990] [INFO ] [TID:81884992] ✓ PublicChatHandler Thread started (main.cpp:111)
[2026-01-26 00:05:46.015] [INFO ] [TID:81884992] ✓ ListUsersHandler Thread started (main.cpp:114)
[2026-01-26 00:05:46.043] [INFO ] [TID:81884992] ✓ Router Thread started (main.cpp:117)
[2026-01-26 00:05:46.070] [INFO ] [TID:81884992] ✓ Response Dispatcher started (main.cpp:120)
[2026-01-26 00:05:46.097] [INFO ] [TID:81884992] ✓ Epoll Thread started (main.cpp:124)
[2026-01-26 00:05:46.099] [INFO ] [TID:81884992] ╔════════════════════════════════════╗ (main.cpp:126)
[2026-01-26 00:05:46.100] [INFO ] [TID:81884992] ║   Server Ready on port 8080        ║ (main.cpp:127)
[2026-01-26 00:05:46.116] [INFO ] [TID:81884992] ║   <message> - public chat          ║ (main.cpp:128)
[2026-01-26 00:05:46.118] [INFO ] [TID:81884992] ║   Press Ctrl+C to stop             ║ (main.cpp:129)
[2026-01-26 00:05:46.120] [INFO ] [TID:81884992] ╚════════════════════════════════════╝ (main.cpp:130)
[2026-01-26 00:05:46.126] [INFO ] [TID:161621696] ┌────────────────────────────────────┐ (EpollThread.cpp:21)
[2026-01-26 00:05:46.128] [INFO ] [TID:161621696] │       [EpollThread] Started        │ (EpollThread.cpp:22)
[2026-01-26 00:05:46.129] [INFO ] [TID:161621696] │ TID: 161621696 (EpollThread.cpp:23)
[2026-01-26 00:05:46.131] [INFO ] [TID:161621696] └────────────────────────────────────┘ (EpollThread.cpp:24)
[2026-01-26 00:05:46.132] [INFO ] [TID:153228992] ┌────────────────────────────────────┐ (Responser.cpp:25)
[2026-01-26 00:05:46.134] [INFO ] [TID:153228992] │    [ResponseDispatcher] Started    │ (Responser.cpp:26)
[2026-01-26 00:05:46.136] [INFO ] [TID:153228992] │ TID: 153228992 (Responser.cpp:27)
[2026-01-26 00:05:46.138] [INFO ] [TID:153228992] └────────────────────────────────────┘ (Responser.cpp:28)
[2026-01-26 00:05:46.150] [INFO ] [TID:128050880] ┌────────────────────────────────────┐ (PublicChatHandlerThread.cpp:10)
[2026-01-26 00:05:46.151] [INFO ] [TID:128050880] │ [PublicChatHandler] Started (PublicChatHandlerThread.cpp:11)
[2026-01-26 00:05:46.163] [INFO ] [TID:128050880] │ TID: 128050880 (PublicChatHandlerThread.cpp:12)
[2026-01-26 00:05:46.165] [INFO ] [TID:128050880] └────────────────────────────────────┘ (PublicChatHandlerThread.cpp:13)
[2026-01-26 00:05:46.170] [INFO ] [TID:136443584] ┌────────────────────────────────────┐ (ListUsersHandlerThread.cpp:12)
[2026-01-26 00:05:46.173] [INFO ] [TID:136443584] │   [ListUsersHandler] Started       │ (ListUsersHandlerThread.cpp:13)
[2026-01-26 00:05:46.175] [INFO ] [TID:136443584] │ TID: 136443584 (ListUsersHandlerThread.cpp:14)
[2026-01-26 00:05:46.177] [INFO ] [TID:136443584] └────────────────────────────────────┘ (ListUsersHandlerThread.cpp:15)
[2026-01-26 00:05:46.179] [INFO ] [TID:144836288] ┌────────────────────────────────────┐ (ChatControllerThread.cpp:28)
[2026-01-26 00:05:46.181] [INFO ] [TID:144836288] │   [ChatControllerThread] Started   │ (ChatControllerThread.cpp:29)
[2026-01-26 00:05:46.183] [INFO ] [TID:144836288] │ TID: 144836288 (ChatControllerThread.cpp:30)
[2026-01-26 00:05:46.185] [INFO ] [TID:144836288] └────────────────────────────────────┘ (ChatControllerThread.cpp:31)
[2026-01-26 00:06:08.840] [INFO ] [TID:161621696] New connection from 127.0.0.1:37940 fd=6 (TCPServer.cpp:122)
[2026-01-26 00:06:21.679] [INFO ] [TID:161621696] New connection from 127.0.0.1:46550 fd=7 (TCPServer.cpp:122)
[2026-01-26 00:08:20.558] [INFO ] [TID:161621696] Client disconnected fd=6 (Epoll.cpp:80)
[2026-01-26 00:08:25.530] [INFO ] [TID:161621696] Client disconnected fd=7 (Epoll.cpp:80)
[2026-01-26 00:08:27.500] [INFO ] [TID:144836288] [ChatControllerThread] Stopped (ChatControllerThread.cpp:68)
[2026-01-26 00:08:27.534] [INFO ] [TID:161621696] [EpollInstance] Run loop exited (Epoll.cpp:139)
[2026-01-26 00:08:27.536] [INFO ] [TID:161621696] [EpollThread] Stopped (EpollThread.cpp:28)
[2026-01-26 00:08:31.154] [INFO ] [TID:81884992] Initiating graceful shutdown... (main.cpp:156)
[2026-01-26 00:08:31.159] [INFO ] [TID:81884992] ✓ Epoll stopped (main.cpp:159)
[2026-01-26 00:08:31.168] [INFO ] [TID:81884992] ✓ Router stopped (main.cpp:162)
[2026-01-26 00:08:31.173] [INFO ] [TID:128050880] [PublicChatHandler] Stopped (PublicChatHandlerThread.cpp:46)
[2026-01-26 00:09:18.805] [INFO ] [TID:81884992] ✓ PublicChatHandler stopped (main.cpp:165)
[2026-01-26 00:09:18.859] [INFO ] [TID:136443584] [ListUsersHandler] Stopped (ListUsersHandlerThread.cpp:48)
[2026-01-26 00:09:18.860] [INFO ] [TID:81884992] ✓ ListUsersHandler stopped (main.cpp:168)
[2026-01-26 00:09:18.862] [INFO ] [TID:153228992] [ResponseDispatcher] Stopped (Responser.cpp:54)
[2026-01-26 00:09:18.865] [INFO ] [TID:81884992] ✓ Response Dispatcher stopped (main.cpp:171)
[2026-01-26 00:09:18.866] [INFO ] [TID:81884992] Stopping server... (TCPServer.cpp:154)
[2026-01-26 00:09:18.867] [INFO ] [TID:81884992] Client disconnected fd=5 (Epoll.cpp:80)
[2026-01-26 00:09:18.867] [INFO ] [TID:81884992] Server stopped (TCPServer.cpp:160)
[2026-01-26 00:09:18.868] [INFO ] [TID:81884992] ✓ TCP Server stopped (main.cpp:174)
[2026-01-26 00:09:18.869] [INFO ] [TID:81884992] Clean shutdown complete (main.cpp:176)
