
========== New Session: 2026-01-29 12:21:41.557 ==========
[2026-01-29 12:21:41.557] [DEBUG] [TID:130364187753344] Starting database thread... (main.cpp:43)
[2026-01-29 12:21:41.566] [DEBUG] [TID:130364187753344] Database initialized successfully (DataBaseManager.cpp:63)
[2026-01-29 12:21:41.566] [DEBUG] [TID:130364187753344] Database thread started (main.cpp:46)
[2026-01-29 12:21:41.566] [DEBUG] [TID:130364187753344] Creating core components... (main.cpp:49)
[2026-01-29 12:21:41.566] [DEBUG] [TID:130364187753344] ThreadPool created with 8 workers (main.cpp:51)
[2026-01-29 12:21:41.566] [DEBUG] [TID:130364187753344] EpollInstance created (main.cpp:54)
[2026-01-29 12:21:41.566] [DEBUG] [TID:130364187753344] Creating message queues... (main.cpp:57)
[2026-01-29 12:21:41.566] [DEBUG] [TID:130364187753344] Message queues created (main.cpp:66)
[2026-01-29 12:21:41.566] [DEBUG] [TID:130364187753344] Creating Handlers... (main.cpp:69)
[2026-01-29 12:21:41.566] [DEBUG] [TID:130364187753344] Handlers created (main.cpp:76)
[2026-01-29 12:21:41.566] [DEBUG] [TID:130364187753344] Creating Threads Handlers... (main.cpp:79)
[2026-01-29 12:21:41.566] [DEBUG] [TID:130364187753344] Threads Handlers created (main.cpp:86)
[2026-01-29 12:21:41.566] [DEBUG] [TID:130364187753344] Creating ChatControllerThread... (main.cpp:88)
[2026-01-29 12:21:41.566] [DEBUG] [TID:130364187753344] ChatControllerThread created and configured (main.cpp:97)
[2026-01-29 12:21:41.566] [DEBUG] [TID:130364187753344] Creating response dispatcher... (main.cpp:100)
[2026-01-29 12:21:41.566] [DEBUG] [TID:130364187753344] Responser created (main.cpp:102)
[2026-01-29 12:21:41.566] [DEBUG] [TID:130364187753344] Creating TCP server... (main.cpp:105)
[2026-01-29 12:21:41.566] [DEBUG] [TID:130364187753344] [INFO] Server listening on port 8080 (TCPServer.cpp:54)
[2026-01-29 12:21:41.566] [DEBUG] [TID:130364187753344] TCP Server started successfully (main.cpp:114)
[2026-01-29 12:21:41.566] [DEBUG] [TID:130364187753344] Starting worker threads... (main.cpp:117)
[2026-01-29 12:21:41.566] [DEBUG] [TID:130364187753344] Worker threads started (main.cpp:128)
[2026-01-29 12:22:11.566] [DEBUG] [TID:130364187753344] [STATS #1] Incoming:0 Public:0 Response:0 (main.cpp:144)
[2026-01-29 12:22:11.566] [DEBUG] [TID:130364187753344] Stopping server... (main.cpp:161)
[2026-01-29 12:22:11.566] [DEBUG] [TID:130364187753344] Clent disconnected fd =6 (Epoll.cpp:88)
[2026-01-29 12:22:11.566] [DEBUG] [TID:130364187753344] Server stopped (main.cpp:165)
[2026-01-29 12:22:11.599] [DEBUG] [TID:130364187753344] Epoll stopped (main.cpp:168)
[2026-01-29 12:22:11.599] [DEBUG] [TID:130364187753344] Router stopped (main.cpp:171)
[2026-01-29 12:22:11.599] [DEBUG] [TID:130364187753344] RegisterThreadHandler stopped (main.cpp:174)
[2026-01-29 12:22:11.600] [DEBUG] [TID:130364187753344] PublicChatThreadHandler stopped (main.cpp:177)
[2026-01-29 12:22:11.600] [DEBUG] [TID:130364187753344] ListUsersThreadHandler stopped (main.cpp:180)
[2026-01-29 12:22:11.600] [DEBUG] [TID:130364187753344] JoinPublicChatRoomThreadHandler stopped (main.cpp:183)
[2026-01-29 12:22:11.600] [DEBUG] [TID:130364187753344] LeavePublicChatRoomThreadHandler stopped (main.cpp:186)
[2026-01-29 12:22:11.600] [DEBUG] [TID:130364187753344] PrivateChatThreadHandler stopped (main.cpp:189)
[2026-01-29 12:22:11.600] [DEBUG] [TID:130364187753344] Response Dispatcher stopped (main.cpp:192)
[2026-01-29 12:22:11.600] [DEBUG] [TID:130364187753344] Database thread stopped (main.cpp:195)
